mode: atomic
github.com/sniperHW/rpcgo/client.go:19.79,20.51 1 2
github.com/sniperHW/rpcgo/client.go:20.51,21.17 1 2
github.com/sniperHW/rpcgo/client.go:26.3,26.42 1 2
github.com/sniperHW/rpcgo/client.go:21.17,22.60 1 2
github.com/sniperHW/rpcgo/client.go:22.60,24.5 1 0
github.com/sniperHW/rpcgo/client.go:30.38,31.58 1 2
github.com/sniperHW/rpcgo/client.go:31.58,33.3 1 1
github.com/sniperHW/rpcgo/client.go:42.40,47.2 1 1
github.com/sniperHW/rpcgo/client.go:49.60,51.63 2 2
github.com/sniperHW/rpcgo/client.go:51.63,54.3 2 2
github.com/sniperHW/rpcgo/client.go:54.8,56.3 1 0
github.com/sniperHW/rpcgo/client.go:59.165,60.43 1 1
github.com/sniperHW/rpcgo/client.go:60.43,62.22 2 0
github.com/sniperHW/rpcgo/client.go:62.22,62.38 1 0
github.com/sniperHW/rpcgo/client.go:63.8,81.58 6 1
github.com/sniperHW/rpcgo/client.go:86.3,86.60 1 1
github.com/sniperHW/rpcgo/client.go:81.58,84.4 2 0
github.com/sniperHW/rpcgo/client.go:86.60,87.62 1 0
github.com/sniperHW/rpcgo/client.go:91.4,91.23 1 0
github.com/sniperHW/rpcgo/client.go:87.62,90.5 2 0
github.com/sniperHW/rpcgo/client.go:91.23,91.39 1 0
github.com/sniperHW/rpcgo/client.go:92.9,93.23 1 1
github.com/sniperHW/rpcgo/client.go:93.23,94.63 1 0
github.com/sniperHW/rpcgo/client.go:94.63,97.6 2 0
github.com/sniperHW/rpcgo/client.go:97.11,99.6 1 0
github.com/sniperHW/rpcgo/client.go:105.129,106.43 1 1
github.com/sniperHW/rpcgo/client.go:106.43,108.3 1 0
github.com/sniperHW/rpcgo/client.go:108.8,119.46 4 1
github.com/sniperHW/rpcgo/client.go:127.3,127.78 1 1
github.com/sniperHW/rpcgo/client.go:132.3,132.10 1 1
github.com/sniperHW/rpcgo/client.go:139.3,139.13 1 1
github.com/sniperHW/rpcgo/client.go:119.46,122.5 2 1
github.com/sniperHW/rpcgo/client.go:127.78,130.4 2 0
github.com/sniperHW/rpcgo/client.go:133.16,133.16 0 1
github.com/sniperHW/rpcgo/client.go:134.21,136.79 2 0
github.com/sniperHW/rpcgo/rpc.go:11.32,13.2 1 1
github.com/sniperHW/rpcgo/server.go:13.61,15.8 2 0
github.com/sniperHW/rpcgo/server.go:15.8,18.3 2 0
github.com/sniperHW/rpcgo/server.go:18.8,20.3 1 0
github.com/sniperHW/rpcgo/server.go:30.57,31.53 1 2
github.com/sniperHW/rpcgo/server.go:31.53,35.17 2 2
github.com/sniperHW/rpcgo/server.go:42.3,42.46 1 2
github.com/sniperHW/rpcgo/server.go:35.17,36.48 1 2
github.com/sniperHW/rpcgo/server.go:36.48,38.5 1 0
github.com/sniperHW/rpcgo/server.go:38.10,40.5 1 2
github.com/sniperHW/rpcgo/server.go:42.46,44.4 1 0
github.com/sniperHW/rpcgo/server.go:54.66,55.19 1 1
github.com/sniperHW/rpcgo/server.go:59.2,60.35 2 1
github.com/sniperHW/rpcgo/server.go:64.2,64.25 1 1
github.com/sniperHW/rpcgo/server.go:68.2,68.48 1 1
github.com/sniperHW/rpcgo/server.go:72.2,72.40 1 1
github.com/sniperHW/rpcgo/server.go:76.2,81.20 2 1
github.com/sniperHW/rpcgo/server.go:55.19,57.3 1 0
github.com/sniperHW/rpcgo/server.go:60.35,62.3 1 0
github.com/sniperHW/rpcgo/server.go:64.25,66.3 1 0
github.com/sniperHW/rpcgo/server.go:68.48,70.3 1 0
github.com/sniperHW/rpcgo/server.go:72.40,74.3 1 0
github.com/sniperHW/rpcgo/server.go:84.90,86.51 2 2
github.com/sniperHW/rpcgo/server.go:86.51,89.3 2 2
github.com/sniperHW/rpcgo/server.go:89.8,91.3 1 0
github.com/sniperHW/rpcgo/server.go:101.40,105.2 1 1
github.com/sniperHW/rpcgo/server.go:107.32,109.2 1 0
github.com/sniperHW/rpcgo/server.go:111.33,113.2 1 0
github.com/sniperHW/rpcgo/server.go:115.78,118.16 3 1
github.com/sniperHW/rpcgo/server.go:118.16,121.3 2 0
github.com/sniperHW/rpcgo/server.go:121.8,121.64 1 1
github.com/sniperHW/rpcgo/server.go:121.64,124.3 2 0
github.com/sniperHW/rpcgo/server.go:124.8,125.38 1 1
github.com/sniperHW/rpcgo/server.go:125.38,128.4 2 0
github.com/sniperHW/rpcgo/server.go:128.9,131.4 2 1
github.com/sniperHW/rpcgo/server.go:135.54,139.2 3 0
github.com/sniperHW/rpcgo/server.go:141.61,145.2 3 2
github.com/sniperHW/rpcgo/server.go:147.81,150.19 3 2
github.com/sniperHW/rpcgo/server.go:150.19,152.3 1 0
github.com/sniperHW/rpcgo/server.go:152.8,153.41 1 2
github.com/sniperHW/rpcgo/server.go:153.41,155.4 1 0
github.com/sniperHW/rpcgo/server.go:155.9,155.70 1 2
github.com/sniperHW/rpcgo/server.go:155.70,157.4 1 0
